<?xml version="1.0" encoding="UTF-8"?>
<!-- Generated by org.testng.reporters.JUnitXMLReporter -->
<testsuite hostname="CL-NB-437" ignored="0" name="Command line test" tests="3" failures="0" timestamp="30 Apr 2019 13:58:08 GMT" time="13.096" errors="0">
  <testcase name="inicio" time="1.237" classname="scroll.TestingClass"/>
  <testcase name="valida_rsocial" time="0.166" classname="scroll.TestingClass"/>
  <testcase name="valida_rut" time="0.041" classname="scroll.TestingClass"/>
</testsuite> <!-- Command line test -->
